0 info it worked if it ends with ok
1 verbose cli [ 'C:\\Program Files\\nodejs\\node.exe',
1 verbose cli   'C:\\Program Files\\nodejs\\node_modules\\npm\\bin\\npm-cli.js',
1 verbose cli   'start' ]
2 info using npm@3.8.9
3 info using node@v6.2.0
4 verbose run-script [ 'prestart', 'start', 'poststart' ]
5 info lifecycle phoboo-api@0.0.0~prestart: phoboo-api@0.0.0
6 silly lifecycle phoboo-api@0.0.0~prestart: no script for prestart, continuing
7 info lifecycle phoboo-api@0.0.0~start: phoboo-api@0.0.0
8 verbose lifecycle phoboo-api@0.0.0~start: unsafe-perm in lifecycle true
9 verbose lifecycle phoboo-api@0.0.0~start: PATH: C:\Program Files\nodejs\node_modules\npm\bin\node-gyp-bin;D:\ajar\phoboo\node_modules\.bin;C:\Program Files\nodejs;C:\ProgramData\Oracle\Java\javapath;C:\WINDOWS\system32;C:\WINDOWS;C:\WINDOWS\System32\Wbem;C:\WINDOWS\System32\WindowsPowerShell\v1.0\;C:\Program Files\Git\cmd;C:\Program Files\Microsoft DNX\Dnvm\;D:\krak\tools\de4dot;C:\Program Files (x86)\ATI Technologies\ATI.ACE\Core-Static;C:\ProgramData\chocolatey\bin;C:\Program Files\nodejs\;C:\Ruby200-x64\bin;C:\Program Files (x86)\Microsoft VS Code\bin; D:\krak\tools\de4dot;C:\Users\tennosys\AppData\Roaming\npm
10 verbose lifecycle phoboo-api@0.0.0~start: CWD: D:\ajar\phoboo
11 silly lifecycle phoboo-api@0.0.0~start: Args: [ '/d /s /c', 'node ./bin/www' ]
12 silly lifecycle phoboo-api@0.0.0~start: Returned: code: 1  signal: null
13 info lifecycle phoboo-api@0.0.0~start: Failed to exec start script
14 verbose stack Error: phoboo-api@0.0.0 start: `node ./bin/www`
14 verbose stack Exit status 1
14 verbose stack     at EventEmitter.<anonymous> (C:\Program Files\nodejs\node_modules\npm\lib\utils\lifecycle.js:245:16)
14 verbose stack     at emitTwo (events.js:106:13)
14 verbose stack     at EventEmitter.emit (events.js:191:7)
14 verbose stack     at ChildProcess.<anonymous> (C:\Program Files\nodejs\node_modules\npm\lib\utils\spawn.js:24:14)
14 verbose stack     at emitTwo (events.js:106:13)
14 verbose stack     at ChildProcess.emit (events.js:191:7)
14 verbose stack     at maybeClose (internal/child_process.js:850:16)
14 verbose stack     at Process.ChildProcess._handle.onexit (internal/child_process.js:215:5)
15 verbose pkgid phoboo-api@0.0.0
16 verbose cwd D:\ajar\phoboo
17 error Windows_NT 10.0.10586
18 error argv "C:\\Program Files\\nodejs\\node.exe" "C:\\Program Files\\nodejs\\node_modules\\npm\\bin\\npm-cli.js" "start"
19 error node v6.2.0
20 error npm  v3.8.9
21 error code ELIFECYCLE
22 error phoboo-api@0.0.0 start: `node ./bin/www`
22 error Exit status 1
23 error Failed at the phoboo-api@0.0.0 start script 'node ./bin/www'.
23 error Make sure you have the latest version of node.js and npm installed.
23 error If you do, this is most likely a problem with the phoboo-api package,
23 error not with npm itself.
23 error Tell the author that this fails on your system:
23 error     node ./bin/www
23 error You can get information on how to open an issue for this project with:
23 error     npm bugs phoboo-api
23 error Or if that isn't available, you can get their info via:
23 error     npm owner ls phoboo-api
23 error There is likely additional logging output above.
24 verbose exit [ 1, true ]
